gpgv: Signature made Wed Oct 12 14:08:17 2011 UTC using DSA key ID 437D05B5
gpgv: Good signature from "Ubuntu Archive Automatic Signing Key <ftpmaster@ubuntu.com>"
gpgv: Signature made Wed Oct 12 14:08:17 2011 UTC using DSA key ID 437D05B5
gpgv: Good signature from "Ubuntu Archive Automatic Signing Key <ftpmaster@ubuntu.com>"
dpkg: warning: parsing file '/var/lib/dpkg/status' near line 3 package 'dpkg':
 missing description
dpkg: warning: parsing file '/var/lib/dpkg/status' near line 3 package 'dpkg':
 missing maintainer
dpkg: warning: parsing file '/var/lib/dpkg/status' near line 3 package 'dpkg':
 missing architecture
Selecting previously deselected package base-files.
dpkg: regarding .../base-files_6.4ubuntu5_i386.deb containing base-files, pre-dependency problem:
 base-files pre-depends on awk
  awk is not installed.
dpkg: warning: ignoring pre-dependency problem!
(Reading database ... 0 files and directories currently installed.)
Unpacking base-files (from .../base-files_6.4ubuntu5_i386.deb) ...
Selecting previously deselected package base-passwd.
Unpacking base-passwd (from .../base-passwd_3.5.23_i386.deb) ...
dpkg: base-passwd: dependency problems, but configuring anyway as you requested:
 base-passwd depends on libc6 (>= 2.8); however:
  Package libc6 is not installed.
Setting up base-passwd (3.5.23) ...
dpkg: base-files: dependency problems, but configuring anyway as you requested:
 base-files depends on awk; however:
  Package awk is not installed.
Setting up base-files (6.4ubuntu5) ...
dpkg: warning: parsing file '/var/lib/dpkg/status' near line 51 package 'dpkg':
 missing description
dpkg: warning: parsing file '/var/lib/dpkg/status' near line 51 package 'dpkg':
 missing maintainer
dpkg: warning: parsing file '/var/lib/dpkg/status' near line 51 package 'dpkg':
 missing architecture
dpkg: regarding .../dpkg_1.16.0.3ubuntu5_i386.deb containing dpkg, pre-dependency problem:
 dpkg pre-depends on libbz2-1.0
  libbz2-1.0 is not installed.
dpkg: warning: ignoring pre-dependency problem!
dpkg: regarding .../dpkg_1.16.0.3ubuntu5_i386.deb containing dpkg, pre-dependency problem:
 dpkg pre-depends on libc6 (>= 2.11)
dpkg: warning: ignoring pre-dependency problem!
dpkg: regarding .../dpkg_1.16.0.3ubuntu5_i386.deb containing dpkg, pre-dependency problem:
 dpkg pre-depends on libselinux1 (>= 1.32)
dpkg: warning: ignoring pre-dependency problem!
dpkg: regarding .../dpkg_1.16.0.3ubuntu5_i386.deb containing dpkg, pre-dependency problem:
 dpkg pre-depends on zlib1g (>= 1:1.1.4)
dpkg: warning: ignoring pre-dependency problem!
dpkg: regarding .../dpkg_1.16.0.3ubuntu5_i386.deb containing dpkg, pre-dependency problem:
 dpkg pre-depends on coreutils (>= 5.93-1)
dpkg: warning: ignoring pre-dependency problem!
dpkg: regarding .../dpkg_1.16.0.3ubuntu5_i386.deb containing dpkg, pre-dependency problem:
 dpkg pre-depends on xz-utils
  xz-utils is not installed.
dpkg: warning: ignoring pre-dependency problem!
(Reading database ... 117 files and directories currently installed.)
Preparing to replace dpkg 1.16.0.3ubuntu5 (using .../dpkg_1.16.0.3ubuntu5_i386.deb) ...
Unpacking replacement dpkg ...
dpkg: dpkg: dependency problems, but configuring anyway as you requested:
 dpkg depends on libbz2-1.0; however:
  Package libbz2-1.0 is not installed.
 dpkg depends on libc6 (>= 2.11); however:
  Package libc6 is not installed.
 dpkg depends on libselinux1 (>= 1.32); however:
  Package libselinux1 is not installed.
 dpkg depends on zlib1g (>= 1:1.1.4); however:
  Package zlib1g is not installed.
 dpkg depends on coreutils (>= 5.93-1); however:
  Package coreutils is not installed.
 dpkg depends on xz-utils; however:
  Package xz-utils is not installed.
Setting up dpkg (1.16.0.3ubuntu5) ...
Selecting previously deselected package libc6.
(Reading database ... 360 files and directories currently installed.)
Unpacking libc6 (from .../libc6_2.13-20ubuntu5_i386.deb) ...
dpkg: libc6: dependency problems, but configuring anyway as you requested:
 libc6 depends on libc-bin (= 2.13-20ubuntu5); however:
  Package libc-bin is not installed.
 libc6 depends on libgcc1; however:
  Package libgcc1 is not installed.
 libc6 depends on tzdata; however:
  Package tzdata is not installed.
Setting up libc6 (2.13-20ubuntu5) ...
Selecting previously deselected package perl-base.
(Reading database ... 669 files and directories currently installed.)
Unpacking perl-base (from .../perl-base_5.12.4-4_i386.deb) ...
Setting up perl-base (5.12.4-4) ...
Selecting previously deselected package mawk.
(Reading database ... 1701 files and directories currently installed.)
Unpacking mawk (from .../mawk_1.3.3-15ubuntu2_i386.deb) ...
Setting up mawk (1.3.3-15ubuntu2) ...
Selecting previously deselected package debconf.
(Reading database ... 1720 files and directories currently installed.)
Unpacking debconf (from .../debconf_1.5.40ubuntu1_all.deb) ...
Setting up debconf (1.5.40ubuntu1) ...
Selecting previously deselected package adduser.
(Reading database ... 1902 files and directories currently installed.)
Unpacking adduser (from .../adduser_3.112+nmu1ubuntu5_all.deb) ...
Preparing to replace base-files 6.4ubuntu5 (using .../base-files_6.4ubuntu5_i386.deb) ...
Unpacking replacement base-files ...
Preparing to replace base-passwd 3.5.23 (using .../base-passwd_3.5.23_i386.deb) ...
Unpacking replacement base-passwd ...
Selecting previously deselected package bash.
dpkg: regarding .../bash_4.2-0ubuntu4_i386.deb containing bash, pre-dependency problem:
 bash pre-depends on dash
  dash is not installed.
dpkg: warning: ignoring pre-dependency problem!
dpkg: regarding .../bash_4.2-0ubuntu4_i386.deb containing bash, pre-dependency problem:
 bash pre-depends on libncurses5 (>= 5.5-5~)
dpkg: warning: ignoring pre-dependency problem!
Unpacking bash (from .../bash_4.2-0ubuntu4_i386.deb) ...
The bash upgrade discovered that your /bin/sh link points to dash.
As bash for Debian is destined to provide a working /bin/sh (pointing to
/bin/bash) your link will be overwritten by a default link.

If you don't want further upgrades to overwrite your customization, please
read /usr/share/doc/bash/README.Debian.gz for a more permanent solution.

[Press RETURN to continue]
Selecting previously deselected package bsdutils.
Unpacking bsdutils (from .../bsdutils_1%3a2.19.1-2ubuntu3_i386.deb) ...
Selecting previously deselected package busybox-initramfs.
Unpacking busybox-initramfs (from .../busybox-initramfs_1%3a1.18.4-2ubuntu2_i386.deb) ...
Selecting previously deselected package coreutils.
dpkg: regarding .../coreutils_8.5-1ubuntu6_i386.deb containing coreutils, pre-dependency problem:
 coreutils pre-depends on libacl1 (>= 2.2.11-1)
dpkg: warning: ignoring pre-dependency problem!
dpkg: regarding .../coreutils_8.5-1ubuntu6_i386.deb containing coreutils, pre-dependency problem:
 coreutils pre-depends on libattr1 (>= 2.4.41-1)
dpkg: warning: ignoring pre-dependency problem!
dpkg: regarding .../coreutils_8.5-1ubuntu6_i386.deb containing coreutils, pre-dependency problem:
 coreutils pre-depends on libselinux1 (>= 1.32)
dpkg: warning: ignoring pre-dependency problem!
Unpacking coreutils (from .../coreutils_8.5-1ubuntu6_i386.deb) ...
Selecting previously deselected package cpio.
Unpacking cpio (from .../cpio_2.11-7ubuntu1_i386.deb) ...
Selecting previously deselected package dash.
Unpacking dash (from .../dash_0.5.5.1-7.4ubuntu1_i386.deb) ...
Adding 'diversion of /bin/sh to /bin/sh.distrib by dash'
Adding 'diversion of /usr/share/man/man1/sh.1.gz to /usr/share/man/man1/sh.distrib.1.gz by dash'
Preparing to replace debconf 1.5.40ubuntu1 (using .../debconf_1.5.40ubuntu1_all.deb) ...
Unpacking replacement debconf ...
Selecting previously deselected package debianutils.
Unpacking debianutils (from .../debianutils_4.0.2_i386.deb) ...
Selecting previously deselected package diffutils.
Unpacking diffutils (from .../diffutils_1%3a3.0-1_i386.deb) ...
dpkg: regarding .../dpkg_1.16.0.3ubuntu5_i386.deb containing dpkg, pre-dependency problem:
 dpkg pre-depends on libbz2-1.0
  libbz2-1.0 is not installed.
dpkg: warning: ignoring pre-dependency problem!
dpkg: regarding .../dpkg_1.16.0.3ubuntu5_i386.deb containing dpkg, pre-dependency problem:
 dpkg pre-depends on libselinux1 (>= 1.32)
dpkg: warning: ignoring pre-dependency problem!
dpkg: regarding .../dpkg_1.16.0.3ubuntu5_i386.deb containing dpkg, pre-dependency problem:
 dpkg pre-depends on zlib1g (>= 1:1.1.4)
dpkg: warning: ignoring pre-dependency problem!
dpkg: regarding .../dpkg_1.16.0.3ubuntu5_i386.deb containing dpkg, pre-dependency problem:
 dpkg pre-depends on coreutils (>= 5.93-1)
  coreutils is unpacked, but has never been configured.
dpkg: warning: ignoring pre-dependency problem!
dpkg: regarding .../dpkg_1.16.0.3ubuntu5_i386.deb containing dpkg, pre-dependency problem:
 dpkg pre-depends on xz-utils
  xz-utils is not installed.
dpkg: warning: ignoring pre-dependency problem!
Preparing to replace dpkg 1.16.0.3ubuntu5 (using .../dpkg_1.16.0.3ubuntu5_i386.deb) ...
Unpacking replacement dpkg ...
Selecting previously deselected package e2fslibs.
dpkg: regarding .../e2fslibs_1.41.14-1ubuntu3_i386.deb containing e2fslibs, pre-dependency problem:
 e2fslibs pre-depends on multiarch-support
  multiarch-support is not installed.
dpkg: warning: ignoring pre-dependency problem!
Unpacking e2fslibs (from .../e2fslibs_1.41.14-1ubuntu3_i386.deb) ...
Selecting previously deselected package e2fsprogs.
dpkg: regarding .../e2fsprogs_1.41.14-1ubuntu3_i386.deb containing e2fsprogs, pre-dependency problem:
 e2fsprogs pre-depends on e2fslibs (= 1.41.14-1ubuntu3)
  e2fslibs is unpacked, but has never been configured.
dpkg: warning: ignoring pre-dependency problem!
dpkg: regarding .../e2fsprogs_1.41.14-1ubuntu3_i386.deb containing e2fsprogs, pre-dependency problem:
 e2fsprogs pre-depends on libblkid1 (>= 2.17.2)
dpkg: warning: ignoring pre-dependency problem!
dpkg: regarding .../e2fsprogs_1.41.14-1ubuntu3_i386.deb containing e2fsprogs, pre-dependency problem:
 e2fsprogs pre-depends on libcomerr2 (>= 1.34-1)
dpkg: warning: ignoring pre-dependency problem!
dpkg: regarding .../e2fsprogs_1.41.14-1ubuntu3_i386.deb containing e2fsprogs, pre-dependency problem:
 e2fsprogs pre-depends on libss2 (>= 1.34-1)
dpkg: warning: ignoring pre-dependency problem!
dpkg: regarding .../e2fsprogs_1.41.14-1ubuntu3_i386.deb containing e2fsprogs, pre-dependency problem:
 e2fsprogs pre-depends on libuuid1 (>= 2.16)
dpkg: warning: ignoring pre-dependency problem!
dpkg: regarding .../e2fsprogs_1.41.14-1ubuntu3_i386.deb containing e2fsprogs, pre-dependency problem:
 e2fsprogs pre-depends on util-linux (>= 2.15~rc1-1)
dpkg: warning: ignoring pre-dependency problem!
Unpacking e2fsprogs (from .../e2fsprogs_1.41.14-1ubuntu3_i386.deb) ...
Selecting previously deselected package findutils.
Unpacking findutils (from .../findutils_4.4.2-1ubuntu3_i386.deb) ...
Selecting previously deselected package gcc-4.6-base.
Unpacking gcc-4.6-base (from .../gcc-4.6-base_4.6.1-9ubuntu3_i386.deb) ...
Selecting previously deselected package grep.
Unpacking grep (from .../archives/grep_2.9-1_i386.deb) ...
Selecting previously deselected package gzip.
Unpacking gzip (from .../gzip_1.3.12-9ubuntu1.1_i386.deb) ...
Selecting previously deselected package hostname.
dpkg: regarding .../hostname_3.06ubuntu1_i386.deb containing hostname, pre-dependency problem:
 hostname pre-depends on upstart-job
  upstart-job is not installed.
dpkg: warning: ignoring pre-dependency problem!
Unpacking hostname (from .../hostname_3.06ubuntu1_i386.deb) ...
Selecting previously deselected package ifupdown.
Unpacking ifupdown (from .../ifupdown_0.7~alpha5.1ubuntu5_i386.deb) ...
Selecting previously deselected package initramfs-tools.
Unpacking initramfs-tools (from .../initramfs-tools_0.99ubuntu7_all.deb) ...
Selecting previously deselected package initramfs-tools-bin.
Unpacking initramfs-tools-bin (from .../initramfs-tools-bin_0.99ubuntu7_i386.deb) ...
Selecting previously deselected package initscripts.
Unpacking initscripts (from .../initscripts_2.88dsf-13.10ubuntu4_i386.deb) ...
Selecting previously deselected package insserv.
Unpacking insserv (from .../insserv_1.14.0-2.1_i386.deb) ...
Selecting previously deselected package iproute.
Unpacking iproute (from .../iproute_20110315-1build1_i386.deb) ...
Selecting previously deselected package klibc-utils.
Unpacking klibc-utils (from .../klibc-utils_1.5.22-1ubuntu2_i386.deb) ...
Selecting previously deselected package libacl1.
dpkg: regarding .../libacl1_2.2.51-3_i386.deb containing libacl1, pre-dependency problem:
 libacl1 pre-depends on multiarch-support
  multiarch-support is not installed.
dpkg: warning: ignoring pre-dependency problem!
Unpacking libacl1 (from .../libacl1_2.2.51-3_i386.deb) ...
Selecting previously deselected package libattr1.
dpkg: regarding .../libattr1_1%3a2.4.46-3_i386.deb containing libattr1, pre-dependency problem:
 libattr1 pre-depends on multiarch-support
  multiarch-support is not installed.
dpkg: warning: ignoring pre-dependency problem!
Unpacking libattr1 (from .../libattr1_1%3a2.4.46-3_i386.deb) ...
Selecting previously deselected package libblkid1.
dpkg: regarding .../libblkid1_2.19.1-2ubuntu3_i386.deb containing libblkid1, pre-dependency problem:
 libblkid1 pre-depends on multiarch-support
  multiarch-support is not installed.
dpkg: warning: ignoring pre-dependency problem!
Unpacking libblkid1 (from .../libblkid1_2.19.1-2ubuntu3_i386.deb) ...
Selecting previously deselected package libbz2-1.0.
Unpacking libbz2-1.0 (from .../libbz2-1.0_1.0.5-6ubuntu1_i386.deb) ...
Selecting previously deselected package libc-bin.
Unpacking libc-bin (from .../libc-bin_2.13-20ubuntu5_i386.deb) ...
Preparing to replace libc6 2.13-20ubuntu5 (using .../libc6_2.13-20ubuntu5_i386.deb) ...
Unpacking replacement libc6 ...
Selecting previously deselected package libcomerr2.
dpkg: regarding .../libcomerr2_1.41.14-1ubuntu3_i386.deb containing libcomerr2, pre-dependency problem:
 libcomerr2 pre-depends on multiarch-support
  multiarch-support is not installed.
dpkg: warning: ignoring pre-dependency problem!
Unpacking libcomerr2 (from .../libcomerr2_1.41.14-1ubuntu3_i386.deb) ...
Selecting previously deselected package libdb5.1.
dpkg: regarding .../libdb5.1_5.1.25-11_i386.deb containing libdb5.1, pre-dependency problem:
 libdb5.1 pre-depends on multiarch-support
  multiarch-support is not installed.
dpkg: warning: ignoring pre-dependency problem!
Unpacking libdb5.1 (from .../libdb5.1_5.1.25-11_i386.deb) ...
Selecting previously deselected package libdbus-1-3.
dpkg: regarding .../libdbus-1-3_1.4.14-1ubuntu1_i386.deb containing libdbus-1-3, pre-dependency problem:
 libdbus-1-3 pre-depends on multiarch-support
  multiarch-support is not installed.
dpkg: warning: ignoring pre-dependency problem!
Unpacking libdbus-1-3 (from .../libdbus-1-3_1.4.14-1ubuntu1_i386.deb) ...
Selecting previously deselected package libdrm-intel1.
dpkg: regarding .../libdrm-intel1_2.4.26-1ubuntu1_i386.deb containing libdrm-intel1, pre-dependency problem:
 libdrm-intel1 pre-depends on multiarch-support
  multiarch-support is not installed.
dpkg: warning: ignoring pre-dependency problem!
Unpacking libdrm-intel1 (from .../libdrm-intel1_2.4.26-1ubuntu1_i386.deb) ...
Selecting previously deselected package libdrm-nouveau1a.
dpkg: regarding .../libdrm-nouveau1a_2.4.26-1ubuntu1_i386.deb containing libdrm-nouveau1a, pre-dependency problem:
 libdrm-nouveau1a pre-depends on multiarch-support
  multiarch-support is not installed.
dpkg: warning: ignoring pre-dependency problem!
Unpacking libdrm-nouveau1a (from .../libdrm-nouveau1a_2.4.26-1ubuntu1_i386.deb) ...
Selecting previously deselected package libdrm-radeon1.
dpkg: regarding .../libdrm-radeon1_2.4.26-1ubuntu1_i386.deb containing libdrm-radeon1, pre-dependency problem:
 libdrm-radeon1 pre-depends on multiarch-support
  multiarch-support is not installed.
dpkg: warning: ignoring pre-dependency problem!
Unpacking libdrm-radeon1 (from .../libdrm-radeon1_2.4.26-1ubuntu1_i386.deb) ...
Selecting previously deselected package libdrm2.
dpkg: regarding .../libdrm2_2.4.26-1ubuntu1_i386.deb containing libdrm2, pre-dependency problem:
 libdrm2 pre-depends on multiarch-support
  multiarch-support is not installed.
dpkg: warning: ignoring pre-dependency problem!
Unpacking libdrm2 (from .../libdrm2_2.4.26-1ubuntu1_i386.deb) ...
Selecting previously deselected package libffi6.
dpkg: regarding .../libffi6_3.0.11~rc1-2_i386.deb containing libffi6, pre-dependency problem:
 libffi6 pre-depends on multiarch-support
  multiarch-support is not installed.
dpkg: warning: ignoring pre-dependency problem!
Unpacking libffi6 (from .../libffi6_3.0.11~rc1-2_i386.deb) ...
Selecting previously deselected package libgcc1.
dpkg: regarding .../libgcc1_1%3a4.6.1-9ubuntu3_i386.deb containing libgcc1, pre-dependency problem:
 libgcc1 pre-depends on multiarch-support
  multiarch-support is not installed.
dpkg: warning: ignoring pre-dependency problem!
Unpacking libgcc1 (from .../libgcc1_1%3a4.6.1-9ubuntu3_i386.deb) ...
Selecting previously deselected package libglib2.0-0.
dpkg: regarding .../libglib2.0-0_2.30.0-0ubuntu4_i386.deb containing libglib2.0-0, pre-dependency problem:
 libglib2.0-0 pre-depends on multiarch-support
  multiarch-support is not installed.
dpkg: warning: ignoring pre-dependency problem!
Unpacking libglib2.0-0 (from .../libglib2.0-0_2.30.0-0ubuntu4_i386.deb) ...
Selecting previously deselected package libklibc.
Unpacking libklibc (from .../libklibc_1.5.22-1ubuntu2_i386.deb) ...
Selecting previously deselected package liblzma2.
Unpacking liblzma2 (from .../liblzma2_5.0.0-2_i386.deb) ...
Selecting previously deselected package libmount1.
dpkg: regarding .../libmount1_2.19.1-2ubuntu3_i386.deb containing libmount1, pre-dependency problem:
 libmount1 pre-depends on multiarch-support
  multiarch-support is not installed.
dpkg: warning: ignoring pre-dependency problem!
Unpacking libmount1 (from .../libmount1_2.19.1-2ubuntu3_i386.deb) ...
Selecting previously deselected package libncurses5.
dpkg: regarding .../libncurses5_5.9-1ubuntu5_i386.deb containing libncurses5, pre-dependency problem:
 libncurses5 pre-depends on libtinfo5
  libtinfo5 is not installed.
dpkg: warning: ignoring pre-dependency problem!
Unpacking libncurses5 (from .../libncurses5_5.9-1ubuntu5_i386.deb) ...
Selecting previously deselected package libncursesw5.
Unpacking libncursesw5 (from .../libncursesw5_5.9-1ubuntu5_i386.deb) ...
Selecting previously deselected package libnih-dbus1.
Unpacking libnih-dbus1 (from .../libnih-dbus1_1.0.3-4ubuntu2_i386.deb) ...
Selecting previously deselected package libnih1.
Unpacking libnih1 (from .../libnih1_1.0.3-4ubuntu2_i386.deb) ...
Selecting previously deselected package libpam-modules.
dpkg: regarding .../libpam-modules_1.1.3-2ubuntu1_i386.deb containing libpam-modules, pre-dependency problem:
 libpam-modules pre-depends on libdb5.1
  libdb5.1 is unpacked, but has never been configured.
dpkg: warning: ignoring pre-dependency problem!
dpkg: regarding .../libpam-modules_1.1.3-2ubuntu1_i386.deb containing libpam-modules, pre-dependency problem:
 libpam-modules pre-depends on libpam0g (>= 1.1.3-2)
dpkg: warning: ignoring pre-dependency problem!
dpkg: regarding .../libpam-modules_1.1.3-2ubuntu1_i386.deb containing libpam-modules, pre-dependency problem:
 libpam-modules pre-depends on libselinux1 (>= 2.0.85)
dpkg: warning: ignoring pre-dependency problem!
dpkg: regarding .../libpam-modules_1.1.3-2ubuntu1_i386.deb containing libpam-modules, pre-dependency problem:
 libpam-modules pre-depends on libpam-modules-bin (= 1.1.3-2ubuntu1)
dpkg: warning: ignoring pre-dependency problem!
Unpacking libpam-modules (from .../libpam-modules_1.1.3-2ubuntu1_i386.deb) ...
Selecting previously deselected package libpam-modules-bin.
Unpacking libpam-modules-bin (from .../libpam-modules-bin_1.1.3-2ubuntu1_i386.deb) ...
Selecting previously deselected package libpam-runtime.
Unpacking libpam-runtime (from .../libpam-runtime_1.1.3-2ubuntu1_all.deb) ...
Selecting previously deselected package libpam0g.
dpkg: regarding .../libpam0g_1.1.3-2ubuntu1_i386.deb containing libpam0g, pre-dependency problem:
 libpam0g pre-depends on multiarch-support
  multiarch-support is not installed.
dpkg: warning: ignoring pre-dependency problem!
Unpacking libpam0g (from .../libpam0g_1.1.3-2ubuntu1_i386.deb) ...
Selecting previously deselected package libpciaccess0.
dpkg: regarding .../libpciaccess0_0.12.1-2_i386.deb containing libpciaccess0, pre-dependency problem:
 libpciaccess0 pre-depends on multiarch-support
  multiarch-support is not installed.
dpkg: warning: ignoring pre-dependency problem!
Unpacking libpciaccess0 (from .../libpciaccess0_0.12.1-2_i386.deb) ...
Selecting previously deselected package libpcre3.
dpkg: regarding .../libpcre3_8.12-3ubuntu2_i386.deb containing libpcre3, pre-dependency problem:
 libpcre3 pre-depends on multiarch-support
  multiarch-support is not installed.
dpkg: warning: ignoring pre-dependency problem!
Unpacking libpcre3 (from .../libpcre3_8.12-3ubuntu2_i386.deb) ...
Selecting previously deselected package libplymouth2.
Unpacking libplymouth2 (from .../libplymouth2_0.8.2-2ubuntu28_i386.deb) ...
Selecting previously deselected package libpng12-0.
dpkg: regarding .../libpng12-0_1.2.46-3ubuntu1_i386.deb containing libpng12-0, pre-dependency problem:
 libpng12-0 pre-depends on multiarch-support
  multiarch-support is not installed.
dpkg: warning: ignoring pre-dependency problem!
Unpacking libpng12-0 (from .../libpng12-0_1.2.46-3ubuntu1_i386.deb) ...
Selecting previously deselected package libselinux1.
dpkg: regarding .../libselinux1_2.0.98-1.1_i386.deb containing libselinux1, pre-dependency problem:
 libselinux1 pre-depends on multiarch-support
  multiarch-support is not installed.
dpkg: warning: ignoring pre-dependency problem!
Unpacking libselinux1 (from .../libselinux1_2.0.98-1.1_i386.deb) ...
Selecting previously deselected package libslang2.
Unpacking libslang2 (from .../libslang2_2.2.4-2ubuntu1_i386.deb) ...
Selecting previously deselected package libss2.
dpkg: regarding .../libss2_1.41.14-1ubuntu3_i386.deb containing libss2, pre-dependency problem:
 libss2 pre-depends on multiarch-support
  multiarch-support is not installed.
dpkg: warning: ignoring pre-dependency problem!
Unpacking libss2 (from .../libss2_1.41.14-1ubuntu3_i386.deb) ...
Selecting previously deselected package libssl1.0.0.
dpkg: regarding .../libssl1.0.0_1.0.0e-2ubuntu4_i386.deb containing libssl1.0.0, pre-dependency problem:
 libssl1.0.0 pre-depends on multiarch-support
  multiarch-support is not installed.
dpkg: warning: ignoring pre-dependency problem!
Unpacking libssl1.0.0 (from .../libssl1.0.0_1.0.0e-2ubuntu4_i386.deb) ...
Selecting previously deselected package libtinfo5.
Unpacking libtinfo5 (from .../libtinfo5_5.9-1ubuntu5_i386.deb) ...
Selecting previously deselected package libudev0.
dpkg: regarding .../libudev0_173-0ubuntu4_i386.deb containing libudev0, pre-dependency problem:
 libudev0 pre-depends on multiarch-support
  multiarch-support is not installed.
dpkg: warning: ignoring pre-dependency problem!
Unpacking libudev0 (from .../libudev0_173-0ubuntu4_i386.deb) ...
Selecting previously deselected package libuuid1.
dpkg: regarding .../libuuid1_2.19.1-2ubuntu3_i386.deb containing libuuid1, pre-dependency problem:
 libuuid1 pre-depends on multiarch-support
  multiarch-support is not installed.
dpkg: warning: ignoring pre-dependency problem!
Unpacking libuuid1 (from .../libuuid1_2.19.1-2ubuntu3_i386.deb) ...
Selecting previously deselected package locales.
Unpacking locales (from .../locales_2.13+git20110622-2_all.deb) ...
Selecting previously deselected package login.
dpkg: regarding .../login_1%3a4.1.4.2+svn3283-3ubuntu2_i386.deb containing login, pre-dependency problem:
 login pre-depends on libpam0g (>= 0.99.7.1)
  libpam0g is unpacked, but has never been configured.
dpkg: warning: ignoring pre-dependency problem!
dpkg: regarding .../login_1%3a4.1.4.2+svn3283-3ubuntu2_i386.deb containing login, pre-dependency problem:
 login pre-depends on libpam-runtime
  libpam-runtime is unpacked, but has never been configured.
dpkg: warning: ignoring pre-dependency problem!
dpkg: regarding .../login_1%3a4.1.4.2+svn3283-3ubuntu2_i386.deb containing login, pre-dependency problem:
 login pre-depends on libpam-modules
  libpam-modules is unpacked, but has never been configured.
dpkg: warning: ignoring pre-dependency problem!
Unpacking login (from .../login_1%3a4.1.4.2+svn3283-3ubuntu2_i386.deb) ...
Selecting previously deselected package lsb-base.
Unpacking lsb-base (from .../lsb-base_4.0-0ubuntu16_all.deb) ...
Selecting previously deselected package makedev.
Unpacking makedev (from .../makedev_2.3.1-89ubuntu1_all.deb) ...
update-rc.d: using dependency based boot sequencing
insserv: warning: script 'network-interface' missing LSB tags and overrides
insserv: Default-Start undefined, assuming empty start runlevel(s) for script `network-interface'
insserv: Default-Stop  undefined, assuming empty stop  runlevel(s) for script `network-interface'
insserv: warning: script 'plymouth-splash' missing LSB tags and overrides
insserv: Default-Start undefined, assuming empty start runlevel(s) for script `plymouth-splash'
insserv: Default-Stop  undefined, assuming empty stop  runlevel(s) for script `plymouth-splash'
insserv: warning: script 'hwclock' missing LSB tags and overrides
insserv: Default-Start undefined, assuming empty start runlevel(s) for script `hwclock'
insserv: Default-Stop  undefined, assuming empty stop  runlevel(s) for script `hwclock'
insserv: warning: script 'procps' missing LSB tags and overrides
insserv: Default-Start undefined, assuming empty start runlevel(s) for script `procps'
insserv: Default-Stop  undefined, assuming empty stop  runlevel(s) for script `procps'
insserv: warning: script 'udevmonitor' missing LSB tags and overrides
insserv: Default-Start undefined, assuming empty start runlevel(s) for script `udevmonitor'
insserv: Default-Stop  undefined, assuming empty stop  runlevel(s) for script `udevmonitor'
insserv: warning: script 'hwclock-save' missing LSB tags and overrides
insserv: Default-Start undefined, assuming empty start runlevel(s) for script `hwclock-save'
insserv: Default-Stop  undefined, assuming empty stop  runlevel(s) for script `hwclock-save'
insserv: warning: script 'plymouth-log' missing LSB tags and overrides
insserv: Default-Start undefined, assuming empty start runlevel(s) for script `plymouth-log'
insserv: Default-Stop  undefined, assuming empty stop  runlevel(s) for script `plymouth-log'
insserv: warning: script 'plymouth-upstart-bridge' missing LSB tags and overrides
insserv: Default-Start undefined, assuming empty start runlevel(s) for script `plymouth-upstart-bridge'
insserv: Default-Stop  undefined, assuming empty stop  runlevel(s) for script `plymouth-upstart-bridge'
insserv: warning: script 'hostname' missing LSB tags and overrides
insserv: Default-Start undefined, assuming empty start runlevel(s) for script `hostname'
insserv: Default-Stop  undefined, assuming empty stop  runlevel(s) for script `hostname'
insserv: warning: script 'udev' missing LSB tags and overrides
insserv: Default-Start undefined, assuming empty start runlevel(s) for script `udev'
insserv: Default-Stop  undefined, assuming empty stop  runlevel(s) for script `udev'
insserv: warning: script 'udev-fallback-graphics' missing LSB tags and overrides
insserv: Default-Start undefined, assuming empty start runlevel(s) for script `udev-fallback-graphics'
insserv: Default-Stop  undefined, assuming empty stop  runlevel(s) for script `udev-fallback-graphics'
insserv: warning: script 'udevtrigger' missing LSB tags and overrides
insserv: Default-Start undefined, assuming empty start runlevel(s) for script `udevtrigger'
insserv: Default-Stop  undefined, assuming empty stop  runlevel(s) for script `udevtrigger'
insserv: warning: script 'plymouth' missing LSB tags and overrides
insserv: Default-Start undefined, assuming empty start runlevel(s) for script `plymouth'
insserv: Default-Stop  undefined, assuming empty stop  runlevel(s) for script `plymouth'
insserv: warning: script 'module-init-tools' missing LSB tags and overrides
insserv: Default-Start undefined, assuming empty start runlevel(s) for script `module-init-tools'
insserv: Default-Stop  undefined, assuming empty stop  runlevel(s) for script `module-init-tools'
insserv: warning: script 'udev-finish' missing LSB tags and overrides
insserv: Default-Start undefined, assuming empty start runlevel(s) for script `udev-finish'
insserv: Default-Stop  undefined, assuming empty stop  runlevel(s) for script `udev-finish'
insserv: warning: script 'plymouth-stop' missing LSB tags and overrides
insserv: Default-Start undefined, assuming empty start runlevel(s) for script `plymouth-stop'
insserv: Default-Stop  undefined, assuming empty stop  runlevel(s) for script `plymouth-stop'
insserv: warning: script 'network-interface-security' missing LSB tags and overrides
insserv: Default-Start undefined, assuming empty start runlevel(s) for script `network-interface-security'
insserv: Default-Stop  undefined, assuming empty stop  runlevel(s) for script `network-interface-security'
Preparing to replace mawk 1.3.3-15ubuntu2 (using .../mawk_1.3.3-15ubuntu2_i386.deb) ...
Unpacking replacement mawk ...
Selecting previously deselected package module-init-tools.
Unpacking module-init-tools (from .../module-init-tools_3.16-1ubuntu1_i386.deb) ...
Selecting previously deselected package mount.
dpkg: regarding .../mount_2.19.1-2ubuntu3_i386.deb containing mount, pre-dependency problem:
 mount pre-depends on libblkid1 (>= 2.17.2)
  libblkid1 is unpacked, but has never been configured.
dpkg: warning: ignoring pre-dependency problem!
dpkg: regarding .../mount_2.19.1-2ubuntu3_i386.deb containing mount, pre-dependency problem:
 mount pre-depends on libmount1 (>= 2.19.1)
  libmount1 is unpacked, but has never been configured.
dpkg: warning: ignoring pre-dependency problem!
dpkg: regarding .../mount_2.19.1-2ubuntu3_i386.deb containing mount, pre-dependency problem:
 mount pre-depends on libselinux1 (>= 2.0.15)
  libselinux1 is unpacked, but has never been configured.
dpkg: warning: ignoring pre-dependency problem!
Unpacking mount (from .../mount_2.19.1-2ubuntu3_i386.deb) ...
Selecting previously deselected package mountall.
Unpacking mountall (from .../mountall_2.31_i386.deb) ...
Selecting previously deselected package multiarch-support.
Unpacking multiarch-support (from .../multiarch-support_2.13-20ubuntu5_i386.deb) ...
Selecting previously deselected package ncurses-base.
Unpacking ncurses-base (from .../ncurses-base_5.9-1ubuntu5_all.deb) ...
Selecting previously deselected package ncurses-bin.
dpkg: regarding .../ncurses-bin_5.9-1ubuntu5_i386.deb containing ncurses-bin, pre-dependency problem:
 ncurses-bin pre-depends on libncurses5 (>= 5.6+20071013)
  libncurses5 is unpacked, but has never been configured.
dpkg: warning: ignoring pre-dependency problem!
dpkg: regarding .../ncurses-bin_5.9-1ubuntu5_i386.deb containing ncurses-bin, pre-dependency problem:
 ncurses-bin pre-depends on libtinfo5 (>= 5.7+20090711)
  libtinfo5 is unpacked, but has never been configured.
dpkg: warning: ignoring pre-dependency problem!
Unpacking ncurses-bin (from .../ncurses-bin_5.9-1ubuntu5_i386.deb) ...
Selecting previously deselected package passwd.
Unpacking passwd (from .../passwd_1%3a4.1.4.2+svn3283-3ubuntu2_i386.deb) ...
Preparing to replace perl-base 5.12.4-4 (using .../perl-base_5.12.4-4_i386.deb) ...
Unpacking replacement perl-base ...
Selecting previously deselected package plymouth.
Unpacking plymouth (from .../plymouth_0.8.2-2ubuntu28_i386.deb) ...
Selecting previously deselected package procps.
Unpacking procps (from .../procps_1%3a3.2.8-10ubuntu5_i386.deb) ...
Selecting previously deselected package python-minimal.
Unpacking python-minimal (from .../python-minimal_2.7.2-7ubuntu2_all.deb) ...
Selecting previously deselected package python2.7-minimal.
Unpacking python2.7-minimal (from .../python2.7-minimal_2.7.2-5ubuntu1_i386.deb) ...
Selecting previously deselected package sed.
dpkg: regarding .../archives/sed_4.2.1-9_i386.deb containing sed, pre-dependency problem:
 sed pre-depends on libselinux1 (>= 1.32)
  libselinux1 is unpacked, but has never been configured.
dpkg: warning: ignoring pre-dependency problem!
Unpacking sed (from .../archives/sed_4.2.1-9_i386.deb) ...
Selecting previously deselected package sensible-utils.
Unpacking sensible-utils (from .../sensible-utils_0.0.6ubuntu2_all.deb) ...
Selecting previously deselected package sysv-rc.
Unpacking sysv-rc (from .../sysv-rc_2.88dsf-13.10ubuntu4_all.deb) ...
Selecting previously deselected package sysvinit-utils.
Unpacking sysvinit-utils (from .../sysvinit-utils_2.88dsf-13.10ubuntu4_i386.deb) ...
Selecting previously deselected package tar.
Unpacking tar (from .../archives/tar_1.25-3_i386.deb) ...
Selecting previously deselected package tzdata.
Unpacking tzdata (from .../tzdata_2011k-1_all.deb) ...
Selecting previously deselected package udev.
Unpacking udev (from .../udev_173-0ubuntu4_i386.deb) ...
Adding 'diversion of /sbin/udevadm to /sbin/udevadm.upgrade by fake-udev'
Selecting previously deselected package upstart.
Unpacking upstart (from .../upstart_1.3-0ubuntu10_i386.deb) ...
Selecting previously deselected package util-linux.
dpkg: regarding .../util-linux_2.19.1-2ubuntu3_i386.deb containing util-linux, pre-dependency problem:
 util-linux pre-depends on libblkid1 (>= 2.19.1)
  libblkid1 is unpacked, but has never been configured.
dpkg: warning: ignoring pre-dependency problem!
dpkg: regarding .../util-linux_2.19.1-2ubuntu3_i386.deb containing util-linux, pre-dependency problem:
 util-linux pre-depends on libncurses5 (>= 5.5-5~)
  libncurses5 is unpacked, but has never been configured.
dpkg: warning: ignoring pre-dependency problem!
dpkg: regarding .../util-linux_2.19.1-2ubuntu3_i386.deb containing util-linux, pre-dependency problem:
 util-linux pre-depends on libselinux1 (>= 1.32)
  libselinux1 is unpacked, but has never been configured.
dpkg: warning: ignoring pre-dependency problem!
dpkg: regarding .../util-linux_2.19.1-2ubuntu3_i386.deb containing util-linux, pre-dependency problem:
 util-linux pre-depends on libslang2 (>= 2.0.7-1)
  libslang2 is unpacked, but has never been configured.
dpkg: warning: ignoring pre-dependency problem!
dpkg: regarding .../util-linux_2.19.1-2ubuntu3_i386.deb containing util-linux, pre-dependency problem:
 util-linux pre-depends on libuuid1 (>= 2.16)
  libuuid1 is unpacked, but has never been configured.
dpkg: warning: ignoring pre-dependency problem!
dpkg: regarding .../util-linux_2.19.1-2ubuntu3_i386.deb containing util-linux, pre-dependency problem:
 util-linux pre-depends on zlib1g (>= 1:1.1.4)
dpkg: warning: ignoring pre-dependency problem!
Unpacking util-linux (from .../util-linux_2.19.1-2ubuntu3_i386.deb) ...
Selecting previously deselected package xz-utils.
Unpacking xz-utils (from .../xz-utils_5.0.0-2_i386.deb) ...
Selecting previously deselected package zlib1g.
dpkg: regarding .../zlib1g_1%3a1.2.3.4.dfsg-3ubuntu3_i386.deb containing zlib1g, pre-dependency problem:
 zlib1g pre-depends on multiarch-support
  multiarch-support is unpacked, but has never been configured.
dpkg: warning: ignoring pre-dependency problem!
Unpacking zlib1g (from .../zlib1g_1%3a1.2.3.4.dfsg-3ubuntu3_i386.deb) ...
Setting up ncurses-base (5.9-1ubuntu5) ...
Setting up sensible-utils (0.0.6ubuntu2) ...
Setting up libklibc (1.5.22-1ubuntu2) ...
Setting up klibc-utils (1.5.22-1ubuntu2) ...
Setting up libc-bin (2.13-20ubuntu5) ...
Setting up gcc-4.6-base (4.6.1-9ubuntu3) ...
Setting up perl-base (5.12.4-4) ...
Setting up debconf (1.5.40ubuntu1) ...
Setting up tzdata (2011k-1) ...

Current default time zone: 'Etc/UTC'
Local time is now:      Wed Oct 12 14:27:45 UTC 2011.
Universal Time is now:  Wed Oct 12 14:27:45 UTC 2011.
Run 'dpkg-reconfigure tzdata' if you wish to change it.

Setting up libc6 (2.13-20ubuntu5) ...
Setting up debianutils (4.0.2) ...
Setting up bsdutils (1:2.19.1-2ubuntu3) ...
Setting up diffutils (1:3.0-1) ...
Setting up tar (1.25-3) ...
update-alternatives: using /usr/sbin/rmt-tar to provide /usr/sbin/rmt (rmt) in auto mode.
Setting up locales (2.13+git20110622-2) ...
Setting up base-passwd (3.5.23) ...
Setting up mawk (1.3.3-15ubuntu2) ...
Setting up libslang2 (2.2.4-2ubuntu1) ...
Setting up findutils (4.4.2-1ubuntu3) ...
Setting up liblzma2 (5.0.0-2) ...
Setting up libnih1 (1.0.3-4ubuntu2) ...
Setting up insserv (1.14.0-2.1) ...
Setting up gzip (1.3.12-9ubuntu1.1) ...
Setting up busybox-initramfs (1:1.18.4-2ubuntu2) ...
Setting up libbz2-1.0 (1.0.5-6ubuntu1) ...
Setting up libtinfo5 (5.9-1ubuntu5) ...
Setting up multiarch-support (2.13-20ubuntu5) ...
Setting up libselinux1 (2.0.98-1.1) ...
Setting up makedev (2.3.1-89ubuntu1) ...
Setting up libdbus-1-3 (1.4.14-1ubuntu1) ...
Setting up libffi6 (3.0.11~rc1-2) ...
Setting up libpam0g (1.1.3-2ubuntu1) ...
Setting up libdrm2 (2.4.26-1ubuntu1) ...
Setting up libdrm-nouveau1a (2.4.26-1ubuntu1) ...
Setting up libudev0 (173-0ubuntu4) ...
Setting up libdrm-radeon1 (2.4.26-1ubuntu1) ...
Setting up zlib1g (1:1.2.3.4.dfsg-3ubuntu3) ...
Setting up libgcc1 (1:4.6.1-9ubuntu3) ...
Setting up base-files (6.4ubuntu5) ...
Setting up libncurses5 (5.9-1ubuntu5) ...
Setting up initramfs-tools-bin (0.99ubuntu7) ...
Setting up libattr1 (1:2.4.46-3) ...
Setting up e2fslibs (1.41.14-1ubuntu3) ...
Setting up libcomerr2 (1.41.14-1ubuntu3) ...
Setting up libacl1 (2.2.51-3) ...
Setting up libss2 (1.41.14-1ubuntu3) ...
Setting up libpam-modules-bin (1.1.3-2ubuntu1) ...
Setting up xz-utils (5.0.0-2) ...
Setting up libdb5.1 (5.1.25-11) ...
Setting up libpcre3 (8.12-3ubuntu2) ...
Setting up libncursesw5 (5.9-1ubuntu5) ...
Setting up libpciaccess0 (0.12.1-2) ...
Setting up sysvinit-utils (2.88dsf-13.10ubuntu4) ...
Setting up libnih-dbus1 (1.0.3-4ubuntu2) ...
Setting up libpng12-0 (1.2.46-3ubuntu1) ...
Setting up libglib2.0-0 (2.30.0-0ubuntu4) ...
No schema files found: doing nothing.
Setting up coreutils (8.5-1ubuntu6) ...
Setting up libssl1.0.0 (1.0.0e-2ubuntu4) ...
Setting up ncurses-bin (5.9-1ubuntu5) ...
Setting up sysv-rc (2.88dsf-13.10ubuntu4) ...
Setting up libpam-modules (1.1.3-2ubuntu1) ...
Setting up libplymouth2 (0.8.2-2ubuntu28) ...
Setting up iproute (20110315-1build1) ...
Setting up python2.7-minimal (2.7.2-5ubuntu1) ...
Setting up upstart (1.3-0ubuntu10) ...
Setting up passwd (1:4.1.4.2+svn3283-3ubuntu2) ...
Shadow passwords are now on.
Setting up hostname (3.06ubuntu1) ...
Setting up libpam-runtime (1.1.3-2ubuntu1) ...
Setting up dpkg (1.16.0.3ubuntu5) ...
Setting up libdrm-intel1 (2.4.26-1ubuntu1) ...
Setting up cpio (2.11-7ubuntu1) ...
update-alternatives: using /bin/mt-gnu to provide /bin/mt (mt) in auto mode.
Setting up dash (0.5.5.1-7.4ubuntu1) ...
Setting up login (1:4.1.4.2+svn3283-3ubuntu2) ...
Setting up module-init-tools (3.16-1ubuntu1) ...
Setting up libuuid1 (2.19.1-2ubuntu3) ...
Setting up python-minimal (2.7.2-7ubuntu2) ...
Setting up mountall (2.31) ...
Setting up adduser (3.112+nmu1ubuntu5) ...
Setting up sed (4.2.1-9) ...
Setting up grep (2.9-1) ...
Setting up libblkid1 (2.19.1-2ubuntu3) ...
Setting up bash (4.2-0ubuntu4) ...
update-alternatives: using /usr/share/man/man7/bash-builtins.7.gz to provide /usr/share/man/man7/builtins.7.gz (builtins.7.gz) in auto mode.
Setting up lsb-base (4.0-0ubuntu16) ...
Setting up libmount1 (2.19.1-2ubuntu3) ...
Setting up mount (2.19.1-2ubuntu3) ...
Setting up initscripts (2.88dsf-13.10ubuntu4) ...
Setting up util-linux (2.19.1-2ubuntu3) ...
update-alternatives: using /bin/more to provide /usr/bin/pager (pager) in auto mode.
Setting up procps (1:3.2.8-10ubuntu5) ...
update-alternatives: using /usr/bin/w.procps to provide /usr/bin/w (w) in auto mode.

Warning: Fake initctl called, doing nothing
Setting up ifupdown (0.7~alpha5.1ubuntu5) ...
Creating /etc/network/interfaces.
Setting up e2fsprogs (1.41.14-1ubuntu3) ...
Setting up udev (173-0ubuntu4) ...

Warning: Fake initctl called, doing nothing
Removing 'diversion of /sbin/udevadm to /sbin/udevadm.upgrade by fake-udev'
update-initramfs: deferring update (trigger activated)
Setting up initramfs-tools (0.99ubuntu7) ...
update-initramfs: deferring update (trigger activated)
Setting up plymouth (0.8.2-2ubuntu28) ...
update-initramfs: deferring update (trigger activated)
Processing triggers for libc-bin ...
ldconfig deferred processing now taking place
Processing triggers for initramfs-tools ...
(Reading database ... 7133 files and directories currently installed.)
Unpacking apt (from .../apt_0.8.16~exp5ubuntu13_i386.deb) ...
Unpacking apt-utils (from .../apt-utils_0.8.16~exp5ubuntu13_i386.deb) ...
Unpacking bzip2 (from .../bzip2_1.0.5-6ubuntu1_i386.deb) ...
Unpacking console-setup (from .../console-setup_1.57ubuntu27_all.deb) ...
Unpacking cron (from .../cron_3.0pl1-116ubuntu3_i386.deb) ...
Unpacking debconf-i18n (from .../debconf-i18n_1.5.40ubuntu1_all.deb) ...
Unpacking dmsetup (from .../dmsetup_2%3a1.02.48-4ubuntu3_i386.deb) ...
Unpacking eject (from .../eject_2.1.5+deb1+cvs20081104-8_i386.deb) ...
Unpacking file (from .../file_5.04-5ubuntu3_i386.deb) ...
Unpacking gnupg (from .../gnupg_1.4.11-3ubuntu1_i386.deb) ...
Unpacking gpgv (from .../gpgv_1.4.11-3ubuntu1_i386.deb) ...
Unpacking iputils-ping (from .../iputils-ping_3%3a20101006-1_i386.deb) ...
Unpacking isc-dhcp-client (from .../isc-dhcp-client_4.1.1-P1-17ubuntu10_i386.deb) ...
Unpacking isc-dhcp-common (from .../isc-dhcp-common_4.1.1-P1-17ubuntu10_i386.deb) ...
Unpacking kbd (from .../kbd_1.15.2-3ubuntu1_i386.deb) ...
Unpacking keyboard-configuration (from .../keyboard-configuration_1.57ubuntu27_all.deb) ...
Unpacking less (from .../less_444-1ubuntu1_i386.deb) ...
Unpacking libapt-inst1.3 (from .../libapt-inst1.3_0.8.16~exp5ubuntu13_i386.deb) ...
Unpacking libapt-pkg4.11 (from .../libapt-pkg4.11_0.8.16~exp5ubuntu13_i386.deb) ...
Unpacking libdb4.8 (from .../libdb4.8_4.8.30-9ubuntu1_i386.deb) ...
Unpacking libdevmapper1.02.1 (from .../libdevmapper1.02.1_2%3a1.02.48-4ubuntu3_i386.deb) ...
Unpacking libexpat1 (from .../libexpat1_2.0.1-7ubuntu3_i386.deb) ...
Unpacking libfribidi0 (from .../libfribidi0_0.19.2-1_i386.deb) ...
Unpacking liblocale-gettext-perl (from .../liblocale-gettext-perl_1.05-6build1_i386.deb) ...
Unpacking liblockfile1 (from .../liblockfile1_1.08-4_i386.deb) ...
Unpacking libmagic1 (from .../libmagic1_5.04-5ubuntu3_i386.deb) ...
Unpacking libnewt0.52 (from .../libnewt0.52_0.52.11-2ubuntu8_i386.deb) ...
Unpacking libpopt0 (from .../libpopt0_1.16-1_i386.deb) ...
Unpacking libreadline6 (from .../libreadline6_6.2-2ubuntu1_i386.deb) ...
Unpacking libsqlite3-0 (from .../libsqlite3-0_3.7.7-2ubuntu2_i386.deb) ...
Unpacking libstdc++6 (from .../libstdc++6_4.6.1-9ubuntu3_i386.deb) ...
Unpacking libtext-charwidth-perl (from .../libtext-charwidth-perl_0.04-6build1_i386.deb) ...
Unpacking libtext-iconv-perl (from .../libtext-iconv-perl_1.7-2build1_i386.deb) ...
Unpacking libtext-wrapi18n-perl (from .../libtext-wrapi18n-perl_0.06-7_all.deb) ...
Unpacking libusb-0.1-4 (from .../libusb-0.1-4_2%3a0.1.12-18_i386.deb) ...
Unpacking lockfile-progs (from .../lockfile-progs_0.1.15ubuntu1_i386.deb) ...
Unpacking logrotate (from .../logrotate_3.7.8-6ubuntu5_i386.deb) ...
Unpacking lsb-release (from .../lsb-release_4.0-0ubuntu16_all.deb) ...
Unpacking mime-support (from .../mime-support_3.51-1ubuntu1_all.deb) ...
Unpacking net-tools (from .../net-tools_1.60-23ubuntu3_i386.deb) ...
Unpacking netbase (from .../netbase_4.45ubuntu3_all.deb) ...
Unpacking netcat-openbsd (from .../netcat-openbsd_1.89-4ubuntu1_i386.deb) ...
Unpacking ntpdate (from .../ntpdate_1%3a4.2.6.p2+dfsg-1ubuntu12_i386.deb) ...
Unpacking python (from .../python_2.7.2-7ubuntu2_all.deb) ...
Unpacking python2.7 (from .../python2.7_2.7.2-5ubuntu1_i386.deb) ...
Unpacking readline-common (from .../readline-common_6.2-2ubuntu1_all.deb) ...
Unpacking rsyslog (from .../rsyslog_5.8.1-1ubuntu2_i386.deb) ...
Unpacking sudo (from .../sudo_1.7.4p6-1ubuntu2_i386.deb) ...
Unpacking ubuntu-keyring (from .../ubuntu-keyring_2010.+09.30_all.deb) ...
Unpacking ubuntu-minimal (from .../ubuntu-minimal_1.245_i386.deb) ...
Unpacking ucf (from .../ucf_3.0025+nmu2ubuntu1_all.deb) ...
Moving old data out of the way
Unpacking ureadahead (from .../ureadahead_0.100.0-11_i386.deb) ...
Unpacking vim-common (from .../vim-common_2%3a7.3.154+hg~74503f6ee649-2ubuntu3_i386.deb) ...
Unpacking vim-tiny (from .../vim-tiny_2%3a7.3.154+hg~74503f6ee649-2ubuntu3_i386.deb) ...
Unpacking whiptail (from .../whiptail_0.52.11-2ubuntu8_i386.deb) ...
Unpacking xkb-data (from .../xkb-data_2.3-1ubuntu2_all.deb) ...
Setting up sudo (1.7.4p6-1ubuntu2) ...
Setting up isc-dhcp-common (4.1.1-P1-17ubuntu10) ...
Setting up libpopt0 (1.16-1) ...
Setting up libusb-0.1-4 (2:0.1.12-18) ...
Setting up ucf (3.0025+nmu2ubuntu1) ...
Setting up bzip2 (1.0.5-6ubuntu1) ...
Setting up vim-common (2:7.3.154+hg~74503f6ee649-2ubuntu3) ...
Setting up netbase (4.45ubuntu3) ...
Setting up libmagic1 (5.04-5ubuntu3) ...
Setting up file (5.04-5ubuntu3) ...
Setting up netcat-openbsd (1.89-4ubuntu1) ...
update-alternatives: using /bin/nc.openbsd to provide /bin/nc (nc) in auto mode.
Setting up libfribidi0 (0.19.2-1) ...
Setting up libsqlite3-0 (3.7.7-2ubuntu2) ...
Setting up libtext-iconv-perl (1.7-2build1) ...
Setting up libexpat1 (2.0.1-7ubuntu3) ...
Setting up libnewt0.52 (0.52.11-2ubuntu8) ...
update-alternatives: using /etc/newt/palette.ubuntu to provide /etc/newt/palette (newt-palette) in auto mode.
Setting up libdb4.8 (4.8.30-9ubuntu1) ...
Setting up net-tools (1.60-23ubuntu3) ...
Setting up ureadahead (0.100.0-11) ...
Setting up xkb-data (2.3-1ubuntu2) ...
Setting up liblocale-gettext-perl (1.05-6build1) ...
Setting up ubuntu-keyring (2010.+09.30) ...
gpg: /etc/apt/trustdb.gpg: trustdb created
gpg: key 437D05B5: public key "Ubuntu Archive Automatic Signing Key <ftpmaster@ubuntu.com>" imported
gpg: key FBB75451: public key "Ubuntu CD Image Automatic Signing Key <cdimage@ubuntu.com>" imported
gpg: Total number processed: 2
gpg:               imported: 2
gpg: no ultimately trusted keys found
Setting up iputils-ping (3:20101006-1) ...
Setting up mime-support (3.51-1ubuntu1) ...
update-alternatives: using /usr/bin/see to provide /usr/bin/view (view) in auto mode.
Setting up cron (3.0pl1-116ubuntu3) ...
Adding group `crontab' (GID 102) ...
Done.

Warning: Fake initctl called, doing nothing
Setting up ntpdate (1:4.2.6.p2+dfsg-1ubuntu12) ...
Setting up rsyslog (5.8.1-1ubuntu2) ...

Creating config file /etc/rsyslog.d/50-default.conf with new version

Warning: Fake initctl called, doing nothing
Setting up libstdc++6 (4.6.1-9ubuntu3) ...
Setting up isc-dhcp-client (4.1.1-P1-17ubuntu10) ...
Setting up vim-tiny (2:7.3.154+hg~74503f6ee649-2ubuntu3) ...
update-alternatives: using /usr/bin/vim.tiny to provide /usr/bin/rview (rview) in auto mode.
update-alternatives: using /usr/bin/vim.tiny to provide /usr/bin/vi (vi) in auto mode.
update-alternatives: using /usr/bin/vim.tiny to provide /usr/bin/view (view) in auto mode.
update-alternatives: using /usr/bin/vim.tiny to provide /usr/bin/ex (ex) in auto mode.
update-alternatives: using /usr/bin/vim.tiny to provide /usr/bin/editor (editor) in auto mode.
Setting up less (444-1ubuntu1) ...
Setting up libtext-charwidth-perl (0.04-6build1) ...
Setting up readline-common (6.2-2ubuntu1) ...
Setting up liblockfile1 (1.08-4) ...
Setting up libtext-wrapi18n-perl (0.06-7) ...
Setting up whiptail (0.52.11-2ubuntu8) ...
Setting up libapt-pkg4.11 (0.8.16~exp5ubuntu13) ...
Setting up libapt-inst1.3 (0.8.16~exp5ubuntu13) ...
Setting up libreadline6 (6.2-2ubuntu1) ...
Setting up lockfile-progs (0.1.15ubuntu1) ...
Setting up logrotate (3.7.8-6ubuntu5) ...
Setting up debconf-i18n (1.5.40ubuntu1) ...
Setting up keyboard-configuration (1.57ubuntu27) ...
update-initramfs: deferring update (trigger activated)
Setting up apt-utils (0.8.16~exp5ubuntu13) ...
Setting up gpgv (1.4.11-3ubuntu1) ...
Setting up python2.7 (2.7.2-5ubuntu1) ...
Setting up gnupg (1.4.11-3ubuntu1) ...
Setting up apt (0.8.16~exp5ubuntu13) ...
gpg: key 437D05B5: "Ubuntu Archive Automatic Signing Key <ftpmaster@ubuntu.com>" not changed
gpg: key FBB75451: "Ubuntu CD Image Automatic Signing Key <cdimage@ubuntu.com>" not changed
gpg: Total number processed: 2
gpg:              unchanged: 2
Setting up python (2.7.2-7ubuntu2) ...
Setting up lsb-release (4.0-0ubuntu16) ...
Setting up libdevmapper1.02.1 (2:1.02.48-4ubuntu3) ...
Setting up kbd (1.15.2-3ubuntu1) ...
Setting up dmsetup (2:1.02.48-4ubuntu3) ...
update-initramfs: deferring update (trigger activated)
Setting up eject (2.1.5+deb1+cvs20081104-8) ...
Setting up console-setup (1.57ubuntu27) ...
update-alternatives: using /etc/console-setup/vtrgb to provide /etc/vtrgb (vtrgb) in auto mode.
update-initramfs: deferring update (trigger activated)
Setting up ubuntu-minimal (1.245) ...
Processing triggers for libc-bin ...
ldconfig deferred processing now taking place
Processing triggers for initramfs-tools ...
